<?xml version="1.0" encoding="UTF-8"?>
<!-- Generated by org.testng.reporters.JUnitReportReporter -->
<testsuite skipped="0" hostname="DELL-PC" name="com.IRCTC.LaunchIRCTC" tests="1" failures="0" timestamp="08 Jul 2017 03:11:37 GMT" time="41.792" errors="0">
  <testcase name="launchBrowser" time="41.792" classname="com.IRCTC.LaunchIRCTC"/>
</testsuite> <!-- com.IRCTC.LaunchIRCTC -->
